<?xml version="1.0" encoding="UTF-8"?>
<testng-results ignored="0" total="1" passed="1" failed="0" skipped="0">
  <reporter-output>
  </reporter-output>
  <suite started-at="2021-11-19T17:52:50Z" name="Default suite" finished-at="2021-11-19T17:53:09Z" duration-ms="18678">
    <groups>
    </groups>
    <test started-at="2021-11-19T17:52:50Z" name="Default test" finished-at="2021-11-19T17:53:09Z" duration-ms="18678">
      <class name="com.alpha.tests.PraticeTest">
        <test-method is-config="true" signature="setup()[pri:0, instance:com.alpha.tests.PraticeTest@5db45159]" started-at="2021-11-19T17:52:50Z" name="setup" finished-at="2021-11-19T17:53:09Z" duration-ms="18651" status="PASS">
          <reporter-output>
          </reporter-output>
        </test-method> <!-- setup -->
        <test-method signature="FlightBooking()[pri:0, instance:com.alpha.tests.PraticeTest@5db45159]" started-at="2021-11-19T17:53:09Z" name="FlightBooking" finished-at="2021-11-19T17:53:09Z" duration-ms="11" status="PASS">
          <reporter-output>
          </reporter-output>
        </test-method> <!-- FlightBooking -->
      </class> <!-- com.alpha.tests.PraticeTest -->
    </test> <!-- Default test -->
  </suite> <!-- Default suite -->
</testng-results>
